生成启动时间为 2019-12-18 16:32:52。
     1>项目“F:\git\java\study\c++\Demo\Demo\Demo.vcxproj”在节点 2 上(build 个目标)。
     1>InitializeBuildStatus:
         正在对“Debug\Demo.unsuccessfulbuild”执行 Touch 任务。
       ClCompile:
         所有输出均为最新。
         D:\Program Files (x86)\vs2010\VC\bin\CL.exe /c /ZI /nologo /W3 /WX- /Od /Oy- /D WIN32 /D _DEBUG /D _CONSOLE /D _UNICODE /D UNICODE /Gm /EHsc /RTC1 /MDd /GS /fp:precise /Zc:wchar_t /Zc:forScope /Yu"StdAfx.h" /Fp"Debug\Demo.pch" /Fo"Debug\\" /Fd"Debug\vc100.pdb" /Gd /TP /analyze- /errorReport:prompt Demo.cpp
         Demo.cpp
     1>f:\git\java\study\c++\demo\demo\demo.cpp(10): error C2065: “string”: 未声明的标识符
     1>f:\git\java\study\c++\demo\demo\demo.cpp(10): error C2146: 语法错误: 缺少“;”(在标识符“name”的前面)
     1>f:\git\java\study\c++\demo\demo\demo.cpp(10): error C2065: “name”: 未声明的标识符
     1>f:\git\java\study\c++\demo\demo\demo.cpp(13): error C2065: “cout”: 未声明的标识符
     1>f:\git\java\study\c++\demo\demo\demo.cpp(13): error C2065: “endl”: 未声明的标识符
     1>f:\git\java\study\c++\demo\demo\demo.cpp(14): error C2065: “cin”: 未声明的标识符
     1>f:\git\java\study\c++\demo\demo\demo.cpp(14): error C2065: “name”: 未声明的标识符
     1>f:\git\java\study\c++\demo\demo\demo.cpp(16): error C2065: “cout”: 未声明的标识符
     1>f:\git\java\study\c++\demo\demo\demo.cpp(16): error C2065: “endl”: 未声明的标识符
     1>f:\git\java\study\c++\demo\demo\demo.cpp(17): error C2065: “cin”: 未声明的标识符
     1>f:\git\java\study\c++\demo\demo\demo.cpp(19): error C2065: “cout”: 未声明的标识符
     1>f:\git\java\study\c++\demo\demo\demo.cpp(19): error C2065: “name”: 未声明的标识符
     1>f:\git\java\study\c++\demo\demo\demo.cpp(19): error C2065: “endl”: 未声明的标识符
     1>f:\git\java\study\c++\demo\demo\demo.cpp(20): error C2065: “count”: 未声明的标识符
     1>f:\git\java\study\c++\demo\demo\demo.cpp(21): error C2065: “endl”: 未声明的标识符
     1>f:\git\java\study\c++\demo\demo\demo.cpp(21): error C2143: 语法错误 : 缺少“;”(在“return”的前面)
     1>已完成生成项目“F:\git\java\study\c++\Demo\Demo\Demo.vcxproj”(build 个目标)的操作 - 失败。

生成失败。

已用时间 00:00:00.43
